// 重构日志: a045b1c6
// 重构日志: 324da8c7
// 重构日志: 698f9206
// 重构日志: d2c8ee40
// 重构日志: d06a7bcc
// 重构日志: 443a0340
// 同步 ID: 3be30b1e @ Fri Jun  5 09:16:03 UTC 2026
// 重构日志: 9bd9a544
// 同步 ID: b5d70e71 @ Sun Jun  7 09:27:12 UTC 2026
// 重构日志: 0d966e62
// 重构日志: c3479a68
// 重构日志: 238c9346
// 同步 ID: d76d061d @ Mon Jun 22 02:42:51 UTC 2026
// 重构日志: d4d909ef
// 重构日志: 9ddde223
// 重构日志: 4c15cf3e
// 重构日志: e21a6fd3
// 重构日志: 0a91fe47
// 同步 ID: 5aa80212 @ Thu Jun 25 23:41:12 UTC 2026
// 重构日志: 88bb40dd
// 重构日志: 8918c1db
// 重构日志: e7b60a3b
// 同步 ID: b5dd1fa7 @ Mon Jun 29 15:22:53 UTC 2026
// 重构日志: 98fca040
// 重构日志: d80dbfc4
// 重构日志: 6a9d9216
// 重构日志: 1a18b6a0
// 重构日志: 35e14896
// 重构日志: 6b5cb819
